[2025-06-10 19:57:15,523] [INFO] [django.utils.autoreload] Watching for file changes with StatReloader
[2025-06-10 19:57:24,064] [INFO] [django.server] "GET / HTTP/1.1" 200 56229
[2025-06-10 19:57:24,116] [INFO] [django.server] "GET /static/Bookmaker_app/css/newMenu.css HTTP/1.1" 200 0
[2025-06-10 20:26:17,200] [INFO] [django.server] "GET /obstaw/689/ HTTP/1.1" 200 49508
[2025-06-10 20:26:22,986] [INFO] [django.server] "GET / HTTP/1.1" 200 56229
[2025-06-10 20:26:32,188] [INFO] [django.server] "GET /dyscyplina/Taekwondo/ HTTP/1.1" 200 75028
[2025-06-10 20:26:41,468] [INFO] [django.server] "GET /user_panel/ HTTP/1.1" 200 72197
[2025-06-10 20:26:45,750] [INFO] [django.server] "GET /wplata/ HTTP/1.1" 200 48366
[2025-06-10 20:26:49,675] [INFO] [bookmaker] Użytkownik jamalbe wpłacił 2137 zł.
[2025-06-10 20:26:49,859] [INFO] [django.server] "POST /wplata/ HTTP/1.1" 302 0
[2025-06-10 20:26:53,092] [INFO] [django.server] "GET /user_panel/ HTTP/1.1" 200 72770
[2025-06-10 20:26:59,827] [INFO] [django.server] "GET /wplata/ HTTP/1.1" 200 48369
[2025-06-10 20:27:19,404] [INFO] [django.server] "POST /wplata/ HTTP/1.1" 200 48369
[2025-06-10 20:27:28,740] [INFO] [django.server] "GET /user_panel/ HTTP/1.1" 200 72770
[2025-06-10 20:27:33,234] [INFO] [django.server] "GET /wplata/ HTTP/1.1" 200 48369
[2025-06-10 20:27:38,473] [INFO] [django.server] "POST /wplata/ HTTP/1.1" 200 48369
[2025-06-10 20:27:44,907] [INFO] [django.server] "POST /wplata/ HTTP/1.1" 200 48369
[2025-06-10 20:27:50,420] [INFO] [django.server] "POST /wplata/ HTTP/1.1" 200 48369
[2025-06-10 20:27:56,926] [INFO] [django.server] "POST /wplata/ HTTP/1.1" 200 48369
[2025-06-10 20:28:02,853] [INFO] [bookmaker] Użytkownik jamalbe wpłacił 100000 zł.
[2025-06-10 20:28:03,029] [INFO] [django.server] "POST /wplata/ HTTP/1.1" 302 0
[2025-06-10 20:28:06,242] [INFO] [django.server] "GET /user_panel/ HTTP/1.1" 200 73345
[2025-06-10 20:28:10,987] [INFO] [django.server] "GET /wplata/ HTTP/1.1" 200 48371
[2025-06-10 20:28:19,903] [INFO] [django.server] "POST /wplata/ HTTP/1.1" 200 48371
[2025-06-10 20:28:29,095] [INFO] [bookmaker] Użytkownik jamalbe wpłacił 10000000 zł.
[2025-06-10 20:28:29,267] [INFO] [django.server] "POST /wplata/ HTTP/1.1" 302 0
[2025-06-10 20:28:32,448] [INFO] [django.server] "GET /user_panel/ HTTP/1.1" 200 73924
[2025-06-10 20:28:37,842] [INFO] [django.server] "GET /wplata/ HTTP/1.1" 200 48373
[2025-06-10 20:28:44,495] [INFO] [bookmaker] Użytkownik jamalbe wpłacił 1000000 zł.
[2025-06-10 20:28:44,678] [INFO] [django.server] "POST /wplata/ HTTP/1.1" 302 0
[2025-06-10 20:28:47,888] [INFO] [django.server] "GET /user_panel/ HTTP/1.1" 200 74497
[2025-06-10 20:28:55,240] [INFO] [django.server] "GET /wplata/ HTTP/1.1" 200 48373
[2025-06-10 20:29:03,515] [INFO] [django.server] "POST /wplata/ HTTP/1.1" 200 48373
[2025-06-10 20:29:13,073] [INFO] [django.server] "POST /wplata/ HTTP/1.1" 200 48373
[2025-06-10 20:29:24,292] [INFO] [django.server] "POST /wplata/ HTTP/1.1" 200 48373
[2025-06-10 20:29:30,599] [INFO] [bookmaker] Użytkownik jamalbe wpłacił 10000000 zł.
[2025-06-10 20:29:30,776] [INFO] [django.server] "POST /wplata/ HTTP/1.1" 302 0
[2025-06-10 20:29:33,966] [INFO] [django.server] "GET /user_panel/ HTTP/1.1" 200 75072
[2025-06-10 20:29:43,147] [INFO] [django.server] "GET /wyplata/ HTTP/1.1" 200 48374
[2025-06-10 20:30:02,181] [INFO] [django.server] "GET / HTTP/1.1" 200 56236
[2025-06-10 20:30:59,011] [INFO] [django.server] "GET /obstaw/689/ HTTP/1.1" 200 49515
[2025-06-10 20:31:12,051] [INFO] [bookmaker] Użytkownik jamalbe obstawił mecz Runda nr 60 na drużynę Reprezentacja Wielkiej Brytanii w bobslejach, kwota: 21002137 zł, kurs: 2.35.
[2025-06-10 20:31:12,412] [INFO] [django.server] "POST /obstaw/689/ HTTP/1.1" 302 0
[2025-06-10 20:31:15,839] [INFO] [django.server] "GET /user_panel/ HTTP/1.1" 200 77226
[2025-06-11 12:51:33,715] [INFO] [django.utils.autoreload] Watching for file changes with StatReloader
[2025-06-11 12:52:12,454] [INFO] [django.server] "GET / HTTP/1.1" 200 57181
[2025-06-11 12:52:12,498] [INFO] [django.server] "GET /static/Bookmaker_app/css/newMenu.css HTTP/1.1" 200 0
[2025-06-11 12:52:12,501] [INFO] [django.server] "GET /static/Bookmaker_app/images/karol.jpeg HTTP/1.1" 200 63008
[2025-06-11 12:52:12,826] [INFO] [django.server] - Broken pipe from ('127.0.0.1', 58821)
[2025-06-11 12:52:12,827] [INFO] [django.server] - Broken pipe from ('127.0.0.1', 58854)
[2025-06-11 12:52:13,005] [INFO] [django.server] - Broken pipe from ('127.0.0.1', 58823)
[2025-06-11 12:52:15,064] [INFO] [django.server] "GET / HTTP/1.1" 200 57181
[2025-06-11 12:52:15,065] [INFO] [django.server] - Broken pipe from ('127.0.0.1', 58839)
[2025-06-11 12:52:38,553] [INFO] [django.server] "GET / HTTP/1.1" 200 57181
[2025-06-11 12:52:38,599] [INFO] [django.server] "GET /static/Bookmaker_app/css/newMenu.css HTTP/1.1" 200 0
[2025-06-11 12:52:38,603] [INFO] [django.server] "GET /static/Bookmaker_app/images/karol.jpeg HTTP/1.1" 200 63008
[2025-06-11 12:52:56,009] [INFO] [django.server] "GET /admin HTTP/1.1" 301 0
[2025-06-11 12:52:56,477] [INFO] [django.server] "GET /admin/ HTTP/1.1" 302 0
[2025-06-11 12:52:57,016] [INFO] [django.server] "GET /admin/login/?next=/admin/ HTTP/1.1" 200 3689
[2025-06-11 12:52:57,029] [INFO] [django.server] "GET /static/admin/css/base.css HTTP/1.1" 200 22120
[2025-06-11 12:52:57,032] [INFO] [django.server] "GET /static/admin/css/dark_mode.css HTTP/1.1" 200 2808
[2025-06-11 12:52:57,034] [INFO] [django.server] "GET /static/admin/css/login.css HTTP/1.1" 200 951
[2025-06-11 12:52:57,035] [INFO] [django.server] "GET /static/admin/css/nav_sidebar.css HTTP/1.1" 200 2810
[2025-06-11 12:52:57,035] [INFO] [django.server] "GET /static/admin/css/responsive.css HTTP/1.1" 200 16565
[2025-06-11 12:52:57,035] [INFO] [django.server] "GET /static/admin/js/theme.js HTTP/1.1" 200 1653
[2025-06-11 12:52:57,035] [INFO] [django.server] "GET /static/admin/js/nav_sidebar.js HTTP/1.1" 200 3063
[2025-06-11 12:52:57,073] [WARNING] [django.request] Not Found: /favicon.ico
[2025-06-11 12:52:57,074] [WARNING] [django.server] "GET /favicon.ico HTTP/1.1" 404 4922
[2025-06-11 12:53:10,279] [INFO] [django.server] "POST /admin/login/?next=/admin/ HTTP/1.1" 302 0
[2025-06-11 12:53:10,705] [INFO] [django.server] "GET /admin/ HTTP/1.1" 200 15565
[2025-06-11 12:53:10,729] [INFO] [django.server] "GET /static/admin/css/dashboard.css HTTP/1.1" 200 441
[2025-06-11 12:53:10,743] [INFO] [django.server] "GET /static/admin/img/icon-addlink.svg HTTP/1.1" 200 331
[2025-06-11 12:53:10,743] [INFO] [django.server] "GET /static/admin/img/icon-changelink.svg HTTP/1.1" 200 380
[2025-06-11 12:53:22,288] [INFO] [django.server] "GET /admin/Bookmaker_app/customuser/ HTTP/1.1" 200 110721
[2025-06-11 12:53:22,301] [INFO] [django.server] "GET /static/admin/css/changelists.css HTTP/1.1" 200 6878
[2025-06-11 12:53:22,310] [INFO] [django.server] "GET /static/admin/js/actions.js HTTP/1.1" 200 8076
[2025-06-11 12:53:22,311] [INFO] [django.server] "GET /static/admin/js/core.js HTTP/1.1" 200 6208
[2025-06-11 12:53:22,313] [INFO] [django.server] "GET /static/admin/js/jquery.init.js HTTP/1.1" 200 347
[2025-06-11 12:53:22,315] [INFO] [django.server] "GET /static/admin/js/urlify.js HTTP/1.1" 200 7887
[2025-06-11 12:53:22,316] [INFO] [django.server] "GET /static/admin/js/admin/RelatedObjectLookups.js HTTP/1.1" 200 9777
[2025-06-11 12:53:22,317] [INFO] [django.server] "GET /static/admin/js/prepopulate.js HTTP/1.1" 200 1531
[2025-06-11 12:53:22,318] [INFO] [django.server] "GET /static/admin/js/filters.js HTTP/1.1" 200 978
[2025-06-11 12:53:22,320] [INFO] [django.server] "GET /static/admin/js/vendor/jquery/jquery.js HTTP/1.1" 200 285314
[2025-06-11 12:53:22,320] [INFO] [django.server] "GET /static/admin/js/vendor/xregexp/xregexp.js HTTP/1.1" 200 325171
[2025-06-11 12:53:22,322] [INFO] [django.server] "GET /static/admin/img/search.svg HTTP/1.1" 200 458
[2025-06-11 12:53:22,323] [INFO] [django.server] "GET /static/admin/img/icon-no.svg HTTP/1.1" 200 560
[2025-06-11 12:53:22,325] [INFO] [django.server] "GET /static/admin/img/icon-yes.svg HTTP/1.1" 200 436
[2025-06-11 12:53:22,668] [INFO] [django.server] "GET /admin/jsi18n/ HTTP/1.1" 200 3342
[2025-06-11 12:53:22,720] [INFO] [django.server] "GET /static/admin/img/tooltag-add.svg HTTP/1.1" 200 331
[2025-06-11 12:53:22,720] [INFO] [django.server] "GET /static/admin/img/sorting-icons.svg HTTP/1.1" 200 1097
[2025-06-11 12:53:22,721] [INFO] [django.server] "GET /static/admin/img/icon-viewlink.svg HTTP/1.1" 200 581
[2025-06-11 12:53:44,360] [INFO] [django.server] "GET /admin/Bookmaker_app/dru%C5%BCyna/ HTTP/1.1" 200 56936
[2025-06-11 12:53:44,803] [INFO] [django.server] "GET /admin/jsi18n/ HTTP/1.1" 200 3342
[2025-06-11 12:54:03,187] [INFO] [django.server] "GET /admin/Bookmaker_app/customuser/ HTTP/1.1" 200 110721
[2025-06-11 12:54:03,776] [INFO] [django.server] "GET /admin/jsi18n/ HTTP/1.1" 200 3342
[2025-06-11 12:56:02,830] [INFO] [django.server] "GET / HTTP/1.1" 200 44305
[2025-06-11 12:56:10,208] [INFO] [django.server] "GET /user_panel/ HTTP/1.1" 200 44746
[2025-06-11 12:56:13,970] [INFO] [django.server] "GET /wplata/ HTTP/1.1" 200 36453
[2025-06-11 12:56:17,059] [INFO] [bookmaker] Użytkownik MichalAdmin wpłacił 120 zł.
[2025-06-11 12:56:17,231] [INFO] [django.server] "POST /wplata/ HTTP/1.1" 302 0
[2025-06-11 12:56:18,044] [INFO] [django.server] "GET /user_panel/ HTTP/1.1" 200 45311
[2025-06-11 12:56:45,667] [INFO] [django.server] "GET / HTTP/1.1" 200 44305
[2025-06-11 12:56:51,091] [INFO] [django.server] "GET /obstaw/1184/ HTTP/1.1" 200 37598
[2025-06-11 12:57:06,902] [INFO] [bookmaker] Użytkownik MichalAdmin obstawił mecz Mecz nr 55 na drużynę Reprezentacja Wielkiej Brytanii w skoku w dal, kwota: 720 zł, kurs: 4.18.
[2025-06-11 12:57:07,192] [INFO] [django.server] "POST /obstaw/1184/ HTTP/1.1" 302 0
[2025-06-11 12:57:08,126] [INFO] [django.server] "GET /user_panel/ HTTP/1.1" 200 47450
[2025-06-11 12:57:28,463] [INFO] [django.server] "GET / HTTP/1.1" 200 45256
[2025-06-11 12:58:59,159] [INFO] [django.server] "GET /obstaw/684/ HTTP/1.1" 200 38549
[2025-06-11 12:59:28,189] [INFO] [django.server] - Broken pipe from ('127.0.0.1', 58913)
[2025-06-11 14:20:26,215] [INFO] [django.server] "GET / HTTP/1.1" 200 45184
[2025-06-11 14:20:29,003] [INFO] [django.server] "GET /user_panel/ HTTP/1.1" 200 47450
[2025-06-11 14:20:36,248] [INFO] [django.server] "GET / HTTP/1.1" 200 45184
[2025-06-14 20:07:19,624] [INFO] [django.utils.autoreload] Watching for file changes with StatReloader
[2025-06-14 20:08:01,202] [INFO] [django.utils.autoreload] /Users/hubertposkrobko/Desktop/PB/Semestr4/SZKIELETY/Projekcik/Bookmaker/settings.py changed, reloading.
[2025-06-14 20:08:01,509] [INFO] [django.utils.autoreload] Watching for file changes with StatReloader
[2025-06-14 20:08:05,031] [INFO] [django.utils.autoreload] Watching for file changes with StatReloader
[2025-06-14 20:08:22,907] [INFO] [django.utils.autoreload] Watching for file changes with StatReloader
[2025-06-14 20:08:56,383] [INFO] [django.utils.autoreload] /Users/hubertposkrobko/Desktop/PB/Semestr4/SZKIELETY/Projekcik/Bookmaker/settings.py changed, reloading.
[2025-06-14 20:08:57,597] [INFO] [django.utils.autoreload] Watching for file changes with StatReloader
[2025-06-14 20:10:09,154] [INFO] [django.utils.autoreload] Watching for file changes with StatReloader
[2025-06-14 20:10:20,661] [INFO] [django.utils.autoreload] /Users/hubertposkrobko/Desktop/PB/Semestr4/SZKIELETY/Projekcik/Bookmaker/urls.py changed, reloading.
[2025-06-14 20:10:20,951] [INFO] [django.utils.autoreload] Watching for file changes with StatReloader
[2025-06-14 20:10:26,206] [INFO] [django.utils.autoreload] /Users/hubertposkrobko/Desktop/PB/Semestr4/SZKIELETY/Projekcik/bookmaker_app/utils.py changed, reloading.
[2025-06-14 20:10:26,419] [INFO] [django.utils.autoreload] Watching for file changes with StatReloader
[2025-06-14 20:11:19,961] [INFO] [django.utils.autoreload] Watching for file changes with StatReloader
[2025-06-14 20:12:03,184] [INFO] [django.utils.autoreload] /Users/hubertposkrobko/Desktop/PB/Semestr4/SZKIELETY/Projekcik/Bookmaker/urls.py changed, reloading.
[2025-06-14 20:12:03,658] [INFO] [django.utils.autoreload] Watching for file changes with StatReloader
[2025-06-14 20:12:26,059] [INFO] [django.utils.autoreload] /Users/hubertposkrobko/Desktop/PB/Semestr4/SZKIELETY/Projekcik/Bookmaker/settings.py changed, reloading.
[2025-06-14 20:12:26,369] [INFO] [django.utils.autoreload] Watching for file changes with StatReloader
[2025-06-14 20:12:28,262] [INFO] [django.utils.autoreload] Watching for file changes with StatReloader
[2025-06-14 20:12:32,140] [INFO] [django.server] "GET / HTTP/1.1" 200 45094
[2025-06-14 20:12:32,177] [WARNING] [django.server] "GET /static/bookmaker_app/css/newMenu.css HTTP/1.1" 404 2014
[2025-06-14 20:12:32,189] [INFO] [django.server] "GET /static/bookmaker_app/images/logo_header.jpg HTTP/1.1" 200 42436
[2025-06-14 20:12:32,190] [INFO] [django.server] "GET /static/bookmaker_app/images/karol.jpeg HTTP/1.1" 200 63008
[2025-06-14 20:12:32,375] [WARNING] [django.request] Not Found: /Bookmaker_app/images/logo_header_dark.jpg
[2025-06-14 20:12:32,378] [WARNING] [django.request] Not Found: /Bookmaker_app/images/images/karol_dark.jpeg
[2025-06-14 20:12:32,378] [WARNING] [django.server] "GET /Bookmaker_app/images/images/karol_dark.jpeg HTTP/1.1" 404 5018
[2025-06-14 20:12:32,378] [WARNING] [django.server] "GET /Bookmaker_app/images/logo_header_dark.jpg HTTP/1.1" 404 5012
[2025-06-14 20:12:32,469] [WARNING] [django.request] Not Found: /apple-touch-icon-precomposed.png
[2025-06-14 20:12:32,470] [WARNING] [django.server] "GET /apple-touch-icon-precomposed.png HTTP/1.1" 404 4985
[2025-06-14 20:12:32,473] [WARNING] [django.request] Not Found: /apple-touch-icon.png
[2025-06-14 20:12:32,474] [WARNING] [django.server] "GET /apple-touch-icon.png HTTP/1.1" 404 4949
[2025-06-14 20:12:32,476] [INFO] [django.server] "GET /static/bookmaker_app/images/favicon.png HTTP/1.1" 200 1131060
[2025-06-14 20:13:10,251] [INFO] [django.utils.autoreload] Watching for file changes with StatReloader
[2025-06-14 20:13:13,495] [INFO] [django.server] "GET / HTTP/1.1" 200 45094
[2025-06-14 20:13:13,513] [WARNING] [django.server] "GET /static/bookmaker_app/css/newMenu.css HTTP/1.1" 404 2014
[2025-06-14 20:13:13,528] [WARNING] [django.request] Not Found: /Bookmaker_app/images/logo_header_dark.jpg
[2025-06-14 20:13:13,530] [WARNING] [django.request] Not Found: /Bookmaker_app/images/images/karol_dark.jpeg
[2025-06-14 20:13:13,530] [WARNING] [django.server] "GET /Bookmaker_app/images/logo_header_dark.jpg HTTP/1.1" 404 5012
[2025-06-14 20:13:13,530] [WARNING] [django.server] "GET /Bookmaker_app/images/images/karol_dark.jpeg HTTP/1.1" 404 5018
[2025-06-14 20:13:40,250] [INFO] [django.utils.autoreload] Watching for file changes with StatReloader
[2025-06-14 20:13:43,266] [INFO] [django.server] "GET / HTTP/1.1" 200 45101
[2025-06-14 20:13:43,288] [WARNING] [django.server] "GET /static/bookmaker_app/css/newMenu.css HTTP/1.1" 404 2014
[2025-06-14 20:13:43,291] [INFO] [django.server] "GET /static/bookmaker_app/images/karol.jpeg HTTP/1.1" 304 0
[2025-06-14 20:13:43,293] [WARNING] [django.server] "GET /static/static/bookmaker_app/images/logo_header.jpg HTTP/1.1" 404 2056
[2025-06-14 20:13:43,296] [WARNING] [django.request] Not Found: /Bookmaker_app/images/logo_header_dark.jpg
[2025-06-14 20:13:43,296] [WARNING] [django.server] "GET /Bookmaker_app/images/logo_header_dark.jpg HTTP/1.1" 404 5012
[2025-06-14 20:13:43,300] [WARNING] [django.request] Not Found: /Bookmaker_app/images/images/karol_dark.jpeg
[2025-06-14 20:13:43,300] [WARNING] [django.server] "GET /Bookmaker_app/images/images/karol_dark.jpeg HTTP/1.1" 404 5018
[2025-06-14 20:13:44,507] [WARNING] [django.request] Not Found: /Bookmaker_app/images/logo_header.jpg
[2025-06-14 20:13:44,509] [WARNING] [django.request] Not Found: /Bookmaker_app/images/images/karol.jpeg
[2025-06-14 20:13:44,509] [WARNING] [django.server] "GET /Bookmaker_app/images/images/karol.jpeg HTTP/1.1" 404 5003
[2025-06-14 20:13:44,509] [WARNING] [django.server] "GET /Bookmaker_app/images/logo_header.jpg HTTP/1.1" 404 4997
[2025-06-14 20:13:45,518] [WARNING] [django.request] Not Found: /Bookmaker_app/images/images/karol_dark.jpeg
[2025-06-14 20:13:45,520] [WARNING] [django.request] Not Found: /Bookmaker_app/images/logo_header_dark.jpg
[2025-06-14 20:13:45,520] [WARNING] [django.server] "GET /Bookmaker_app/images/images/karol_dark.jpeg HTTP/1.1" 404 5018
[2025-06-14 20:13:45,521] [WARNING] [django.server] "GET /Bookmaker_app/images/logo_header_dark.jpg HTTP/1.1" 404 5012
[2025-06-14 20:14:13,879] [INFO] [django.utils.autoreload] Watching for file changes with StatReloader
[2025-06-14 20:14:16,714] [INFO] [django.server] "GET / HTTP/1.1" 200 45094
[2025-06-14 20:14:16,743] [WARNING] [django.server] "GET /static/bookmaker_app/css/newMenu.css HTTP/1.1" 404 2014
[2025-06-14 20:14:16,745] [INFO] [django.server] "GET /static/bookmaker_app/images/logo_header.jpg HTTP/1.1" 304 0
[2025-06-14 20:14:16,750] [WARNING] [django.request] Not Found: /Bookmaker_app/images/logo_header_dark.jpg
[2025-06-14 20:14:16,751] [WARNING] [django.server] "GET /Bookmaker_app/images/logo_header_dark.jpg HTTP/1.1" 404 5012
[2025-06-14 20:14:16,754] [WARNING] [django.request] Not Found: /Bookmaker_app/images/images/karol_dark.jpeg
[2025-06-14 20:14:16,754] [WARNING] [django.server] "GET /Bookmaker_app/images/images/karol_dark.jpeg HTTP/1.1" 404 5018
[2025-06-14 20:14:18,312] [WARNING] [django.request] Not Found: /Bookmaker_app/images/logo_header.jpg
[2025-06-14 20:14:18,314] [WARNING] [django.request] Not Found: /Bookmaker_app/images/images/karol.jpeg
[2025-06-14 20:14:18,314] [WARNING] [django.server] "GET /Bookmaker_app/images/logo_header.jpg HTTP/1.1" 404 4997
[2025-06-14 20:14:18,315] [WARNING] [django.server] "GET /Bookmaker_app/images/images/karol.jpeg HTTP/1.1" 404 5003
[2025-06-14 20:14:19,089] [WARNING] [django.request] Not Found: /Bookmaker_app/images/logo_header_dark.jpg
[2025-06-14 20:14:19,091] [WARNING] [django.request] Not Found: /Bookmaker_app/images/images/karol_dark.jpeg
[2025-06-14 20:14:19,092] [WARNING] [django.server] "GET /Bookmaker_app/images/images/karol_dark.jpeg HTTP/1.1" 404 5018
[2025-06-14 20:14:19,092] [WARNING] [django.server] "GET /Bookmaker_app/images/logo_header_dark.jpg HTTP/1.1" 404 5012
[2025-06-14 20:14:19,377] [WARNING] [django.request] Not Found: /Bookmaker_app/images/logo_header.jpg
[2025-06-14 20:14:19,379] [WARNING] [django.request] Not Found: /Bookmaker_app/images/images/karol.jpeg
[2025-06-14 20:14:19,379] [WARNING] [django.server] "GET /Bookmaker_app/images/images/karol.jpeg HTTP/1.1" 404 5003
[2025-06-14 20:14:19,379] [WARNING] [django.server] "GET /Bookmaker_app/images/logo_header.jpg HTTP/1.1" 404 4997
[2025-06-14 20:14:19,826] [WARNING] [django.request] Not Found: /Bookmaker_app/images/logo_header_dark.jpg
[2025-06-14 20:14:19,827] [WARNING] [django.server] "GET /Bookmaker_app/images/logo_header_dark.jpg HTTP/1.1" 404 5012
[2025-06-14 20:14:19,829] [WARNING] [django.request] Not Found: /Bookmaker_app/images/images/karol_dark.jpeg
[2025-06-14 20:14:19,829] [WARNING] [django.server] "GET /Bookmaker_app/images/images/karol_dark.jpeg HTTP/1.1" 404 5018
[2025-06-14 20:14:20,216] [WARNING] [django.request] Not Found: /Bookmaker_app/images/logo_header.jpg
[2025-06-14 20:14:20,218] [WARNING] [django.request] Not Found: /Bookmaker_app/images/images/karol.jpeg
[2025-06-14 20:14:20,219] [WARNING] [django.server] "GET /Bookmaker_app/images/logo_header.jpg HTTP/1.1" 404 4997
[2025-06-14 20:14:20,219] [WARNING] [django.server] "GET /Bookmaker_app/images/images/karol.jpeg HTTP/1.1" 404 5003
[2025-06-14 20:14:22,672] [INFO] [django.server] "GET / HTTP/1.1" 200 45094
[2025-06-14 20:14:22,687] [WARNING] [django.server] "GET /static/bookmaker_app/css/newMenu.css HTTP/1.1" 404 2014
[2025-06-14 20:14:22,698] [WARNING] [django.request] Not Found: /Bookmaker_app/images/logo_header.jpg
[2025-06-14 20:14:22,701] [WARNING] [django.request] Not Found: /Bookmaker_app/images/images/karol.jpeg
[2025-06-14 20:14:22,701] [WARNING] [django.server] "GET /Bookmaker_app/images/logo_header.jpg HTTP/1.1" 404 4997
[2025-06-14 20:14:22,701] [WARNING] [django.server] "GET /Bookmaker_app/images/images/karol.jpeg HTTP/1.1" 404 5003
[2025-06-14 20:17:23,997] [INFO] [django.utils.autoreload] Watching for file changes with StatReloader
[2025-06-14 20:17:27,709] [INFO] [django.server] "GET / HTTP/1.1" 200 45094
[2025-06-14 20:17:27,727] [WARNING] [django.server] "GET /static/bookmaker_app/css/newMenu.css HTTP/1.1" 404 2014
[2025-06-14 20:17:27,738] [INFO] [django.server] "GET /static/bookmaker_app/images/logo_header.jpg HTTP/1.1" 304 0
[2025-06-14 20:17:27,738] [INFO] [django.server] "GET /static/bookmaker_app/images/karol.jpeg HTTP/1.1" 304 0
[2025-06-14 20:17:27,747] [WARNING] [django.request] Not Found: /Bookmaker_app/images/images/karol.jpeg
[2025-06-14 20:17:27,749] [WARNING] [django.request] Not Found: /bookmaker_app/images/logo_header.jpg
[2025-06-14 20:17:27,750] [WARNING] [django.server] "GET /bookmaker_app/images/logo_header.jpg HTTP/1.1" 404 4997
[2025-06-14 20:17:27,750] [WARNING] [django.server] "GET /Bookmaker_app/images/images/karol.jpeg HTTP/1.1" 404 5003
[2025-06-14 20:17:29,167] [WARNING] [django.request] Not Found: /bookmaker_app/images/logo_header_dark.jpg
[2025-06-14 20:17:29,169] [WARNING] [django.request] Not Found: /Bookmaker_app/images/images/karol_dark.jpeg
[2025-06-14 20:17:29,170] [WARNING] [django.server] "GET /bookmaker_app/images/logo_header_dark.jpg HTTP/1.1" 404 5012
[2025-06-14 20:17:29,170] [WARNING] [django.server] "GET /Bookmaker_app/images/images/karol_dark.jpeg HTTP/1.1" 404 5018
[2025-06-14 20:17:31,745] [INFO] [django.server] "GET / HTTP/1.1" 200 45094
[2025-06-14 20:17:31,764] [WARNING] [django.server] "GET /static/bookmaker_app/css/newMenu.css HTTP/1.1" 404 2014
[2025-06-14 20:17:31,780] [WARNING] [django.request] Not Found: /bookmaker_app/images/logo_header_dark.jpg
[2025-06-14 20:17:31,781] [WARNING] [django.server] "GET /bookmaker_app/images/logo_header_dark.jpg HTTP/1.1" 404 5012
[2025-06-14 20:17:31,783] [WARNING] [django.request] Not Found: /Bookmaker_app/images/images/karol_dark.jpeg
[2025-06-14 20:17:31,783] [WARNING] [django.server] "GET /Bookmaker_app/images/images/karol_dark.jpeg HTTP/1.1" 404 5018
[2025-06-14 20:17:45,687] [INFO] [django.utils.autoreload] Watching for file changes with StatReloader
[2025-06-14 20:17:49,196] [INFO] [django.server] "GET / HTTP/1.1" 200 45094
[2025-06-14 20:17:49,213] [WARNING] [django.server] "GET /static/bookmaker_app/css/newMenu.css HTTP/1.1" 404 2014
[2025-06-14 20:17:49,227] [WARNING] [django.request] Not Found: /bookmaker_app/images/logo_header_dark.jpg
[2025-06-14 20:17:49,229] [WARNING] [django.request] Not Found: /Bookmaker_app/images/images/karol_dark.jpeg
[2025-06-14 20:17:49,230] [WARNING] [django.server] "GET /Bookmaker_app/images/images/karol_dark.jpeg HTTP/1.1" 404 5018
[2025-06-14 20:17:49,230] [WARNING] [django.server] "GET /bookmaker_app/images/logo_header_dark.jpg HTTP/1.1" 404 5012
[2025-06-14 21:08:29,379] [INFO] [django.server] "GET / HTTP/1.1" 200 45138
[2025-06-14 21:08:29,408] [WARNING] [django.server] "GET /static/bookmaker_app/css/newMenu.css HTTP/1.1" 404 2014
[2025-06-14 21:08:29,428] [INFO] [django.server] "GET /static/bookmaker_app/images/logo_header.jpg HTTP/1.1" 200 42436
[2025-06-14 21:08:29,428] [INFO] [django.server] "GET /static/bookmaker_app/images/karol.jpeg HTTP/1.1" 200 63008
[2025-06-14 21:08:29,433] [WARNING] [django.request] Not Found: /bookmaker_app/images/logo_header_dark.jpg
[2025-06-14 21:08:29,435] [WARNING] [django.request] Not Found: /Bookmaker_app/images/images/karol_dark.jpeg
[2025-06-14 21:08:29,436] [WARNING] [django.server] "GET /bookmaker_app/images/logo_header_dark.jpg HTTP/1.1" 404 5012
[2025-06-14 21:08:29,436] [WARNING] [django.server] "GET /Bookmaker_app/images/images/karol_dark.jpeg HTTP/1.1" 404 5018
[2025-06-14 21:09:48,689] [INFO] [django.utils.autoreload] /Users/hubertposkrobko/Desktop/PB/Semestr4/SZKIELETY/Projekcik/Bookmaker/settings.py changed, reloading.
[2025-06-14 21:09:49,093] [INFO] [django.utils.autoreload] Watching for file changes with StatReloader
[2025-06-14 21:09:53,385] [INFO] [django.server] "GET / HTTP/1.1" 200 45138
[2025-06-14 21:09:53,401] [WARNING] [django.server] "GET /static/bookmaker_app/css/newMenu.css HTTP/1.1" 404 2014
[2025-06-14 21:09:53,413] [WARNING] [django.request] Not Found: /bookmaker_app/images/logo_header_dark.jpg
[2025-06-14 21:09:53,416] [WARNING] [django.request] Not Found: /Bookmaker_app/images/images/karol_dark.jpeg
[2025-06-14 21:09:53,417] [WARNING] [django.server] "GET /bookmaker_app/images/logo_header_dark.jpg HTTP/1.1" 404 5012
[2025-06-14 21:09:53,417] [WARNING] [django.server] "GET /Bookmaker_app/images/images/karol_dark.jpeg HTTP/1.1" 404 5018
[2025-06-14 21:09:57,802] [INFO] [django.server] "GET /spin/ HTTP/1.1" 200 298
[2025-06-14 21:09:57,827] [WARNING] [django.server] "GET /static/bookmaker_app/js/spin_bundle.js HTTP/1.1" 404 2020
[2025-06-14 21:09:57,828] [WARNING] [django.server] "GET /static/bookmaker_app/css/spin.css HTTP/1.1" 404 2005
[2025-06-14 21:10:02,488] [INFO] [django.server] "GET / HTTP/1.1" 200 45138
[2025-06-14 21:10:02,499] [WARNING] [django.server] "GET /static/bookmaker_app/css/newMenu.css HTTP/1.1" 404 2014
[2025-06-14 21:10:02,514] [WARNING] [django.request] Not Found: /bookmaker_app/images/logo_header_dark.jpg
[2025-06-14 21:10:02,517] [WARNING] [django.request] Not Found: /Bookmaker_app/images/images/karol_dark.jpeg
[2025-06-14 21:10:02,517] [WARNING] [django.server] "GET /bookmaker_app/images/logo_header_dark.jpg HTTP/1.1" 404 5012
[2025-06-14 21:10:02,517] [WARNING] [django.server] "GET /Bookmaker_app/images/images/karol_dark.jpeg HTTP/1.1" 404 5018
[2025-06-14 21:10:05,372] [INFO] [django.server] "GET /user_panel/ HTTP/1.1" 200 47432
[2025-06-14 21:10:05,390] [WARNING] [django.server] "GET /static/bookmaker_app/css/newMenu.css HTTP/1.1" 404 2014
[2025-06-14 21:10:05,402] [WARNING] [django.request] Not Found: /user_panel/bookmaker_app/images/logo_header_dark.jpg
[2025-06-14 21:10:05,405] [WARNING] [django.request] Not Found: /user_panel/Bookmaker_app/images/images/karol_dark.jpeg
[2025-06-14 21:10:05,405] [WARNING] [django.server] "GET /user_panel/bookmaker_app/images/logo_header_dark.jpg HTTP/1.1" 404 5045
[2025-06-14 21:10:05,405] [WARNING] [django.server] "GET /user_panel/Bookmaker_app/images/images/karol_dark.jpeg HTTP/1.1" 404 5051
[2025-06-14 21:10:58,038] [INFO] [django.utils.autoreload] /Users/hubertposkrobko/Desktop/PB/Semestr4/SZKIELETY/Projekcik/Bookmaker/settings.py changed, reloading.
[2025-06-14 21:10:58,397] [INFO] [django.utils.autoreload] Watching for file changes with StatReloader
[2025-06-14 21:11:01,725] [INFO] [django.server] "GET /user_panel/ HTTP/1.1" 200 47432
[2025-06-14 21:11:01,737] [WARNING] [django.server] "GET /static/bookmaker_app/css/newMenu.css HTTP/1.1" 404 2014
[2025-06-14 21:11:01,771] [WARNING] [django.request] Not Found: /user_panel/bookmaker_app/images/logo_header_dark.jpg
[2025-06-14 21:11:01,773] [WARNING] [django.request] Not Found: /user_panel/Bookmaker_app/images/images/karol_dark.jpeg
[2025-06-14 21:11:01,774] [WARNING] [django.server] "GET /user_panel/bookmaker_app/images/logo_header_dark.jpg HTTP/1.1" 404 5045
[2025-06-14 21:11:01,774] [WARNING] [django.server] "GET /user_panel/Bookmaker_app/images/images/karol_dark.jpeg HTTP/1.1" 404 5051
[2025-06-14 21:11:04,785] [INFO] [django.server] "GET / HTTP/1.1" 200 45138
[2025-06-14 21:11:04,795] [WARNING] [django.server] "GET /static/bookmaker_app/css/newMenu.css HTTP/1.1" 404 2014
[2025-06-14 21:11:04,809] [WARNING] [django.request] Not Found: /bookmaker_app/images/logo_header_dark.jpg
[2025-06-14 21:11:04,809] [WARNING] [django.server] "GET /bookmaker_app/images/logo_header_dark.jpg HTTP/1.1" 404 5012
[2025-06-14 21:11:04,813] [WARNING] [django.request] Not Found: /Bookmaker_app/images/images/karol_dark.jpeg
[2025-06-14 21:11:04,813] [WARNING] [django.server] "GET /Bookmaker_app/images/images/karol_dark.jpeg HTTP/1.1" 404 5018
[2025-06-14 21:11:17,107] [INFO] [django.utils.autoreload] /Users/hubertposkrobko/Desktop/PB/Semestr4/SZKIELETY/Projekcik/Bookmaker/settings.py changed, reloading.
[2025-06-14 21:11:17,486] [INFO] [django.utils.autoreload] Watching for file changes with StatReloader
[2025-06-14 21:11:22,042] [INFO] [django.server] "GET / HTTP/1.1" 200 45138
[2025-06-14 21:11:22,069] [WARNING] [django.server] "GET /static/bookmaker_app/css/newMenu.css HTTP/1.1" 404 2014
[2025-06-14 21:11:22,163] [WARNING] [django.request] Not Found: /bookmaker_app/images/logo_header_dark.jpg
[2025-06-14 21:11:22,165] [WARNING] [django.request] Not Found: /Bookmaker_app/images/images/karol_dark.jpeg
[2025-06-14 21:11:22,165] [WARNING] [django.server] "GET /bookmaker_app/images/logo_header_dark.jpg HTTP/1.1" 404 5012
[2025-06-14 21:11:22,165] [WARNING] [django.server] "GET /Bookmaker_app/images/images/karol_dark.jpeg HTTP/1.1" 404 5018
[2025-06-14 21:12:24,059] [INFO] [django.utils.autoreload] Watching for file changes with StatReloader
[2025-06-14 21:12:26,812] [INFO] [django.server] "GET / HTTP/1.1" 200 45156
[2025-06-14 21:12:26,829] [WARNING] [django.server] "GET /static/bookmaker_app/css/newMenu.css HTTP/1.1" 404 2014
[2025-06-14 21:12:26,851] [INFO] [django.server] "GET /static/bookmaker_app/images/karol_dark.jpeg HTTP/1.1" 200 25743
[2025-06-14 21:12:26,851] [INFO] [django.server] "GET /static/bookmaker_app/images/logo_header_dark.jpg HTTP/1.1" 200 328654
[2025-06-14 21:13:08,244] [INFO] [django.server] "GET /logout/ HTTP/1.1" 302 0
[2025-06-14 21:13:09,233] [INFO] [django.server] "GET / HTTP/1.1" 200 43604
[2025-06-14 21:13:09,255] [WARNING] [django.server] "GET /static/bookmaker_app/css/newMenu.css HTTP/1.1" 404 2014
[2025-06-14 21:13:12,338] [INFO] [django.server] "GET /login/ HTTP/1.1" 200 4980
[2025-06-14 21:13:49,836] [INFO] [django.utils.autoreload] Watching for file changes with StatReloader
[2025-06-14 21:13:51,061] [INFO] [django.server] "GET /login/ HTTP/1.1" 200 4998
[2025-06-14 21:13:54,669] [INFO] [django.server] "GET /api/register/ HTTP/1.1" 200 5551
[2025-06-14 21:13:54,695] [WARNING] [django.request] Not Found: /Bookmaker_app/images/logo_header_dark.jpg
[2025-06-14 21:13:54,695] [WARNING] [django.server] "GET /Bookmaker_app/images/logo_header_dark.jpg HTTP/1.1" 404 5012
[2025-06-14 21:14:11,089] [INFO] [django.utils.autoreload] Watching for file changes with StatReloader
[2025-06-14 21:14:12,828] [INFO] [django.server] "GET /api/register/ HTTP/1.1" 200 5565
